<?xml version="1.0" encoding="UTF-8"?><testsuite errors="1" failures="0" name="Register" skipped="0" tests="1" time="16.32" timestamp="2021-02-23 12:57:33"><testcase name="Register"><error message="Element should have been &quot;select&quot; but was &quot;div&quot;&#10;Build info: version: '3.141.59', revision: 'e82be7d358', time: '2018-11-14T08:17:03'&#10;System info: host: 'LAPTOP-AVRRJBHF', ip: '192.168.0.47', os.name: 'Windows 10', os.arch: 'amd64', os.version: '10.0', java.version: '15.0.2'&#10;Driver info: driver.version: unknown" type="org.openqa.selenium.support.ui.UnexpectedTagNameException">Element should have been "select" but was "div"
Build info: version: '3.141.59', revision: 'e82be7d358', time: '2018-11-14T08:17:03'
System info: host: 'LAPTOP-AVRRJBHF', ip: '192.168.0.47', os.name: 'Windows 10', os.arch: 'amd64', os.version: '10.0', java.version: '15.0.2'
Driver info: driver.version: unknown</error><system-err>Element should have been "select" but was "div"
Build info: version: '3.141.59', revision: 'e82be7d358', time: '2018-11-14T08:17:03'
System info: host: 'LAPTOP-AVRRJBHF', ip: '192.168.0.47', os.name: 'Windows 10', os.arch: 'amd64', os.version: '10.0', java.version: '15.0.2'
Driver info: driver.version: unknown&#13;
taks.RegisterTaks.performAs(RegisterTaks.java:75)&#13;
stepdefinition.RegisterStep.el_cliente_llena_la_informacion_juan_carlos_godoy_zarate_adioslave_live_com_octuber_Bogota_Colombia_Windows_Spanish_Huawei_SmaKit_S_Android_WindowsColombia_WindowsColombia_true_true_true(RegisterStep.java:46)&#13;
cucumber.runner.Runner.runPickle(Runner.java:80)&#13;
</system-err></testcase></testsuite>